
Microsoft (R) Build Engine Version 4.0.30319.1
[Microsoft .NET Framework, Version 4.0.30319.1]
Copyright (C) Microsoft Corporation 2007. All rights reserved.

Build started 06.12.2010 23:08:34.
Project "C:\Users\ack\src\TestProject1\TestProject1\TestProject1.csproj" on node 1 (default targets).
GenerateTargetFrameworkMonikerAttribute:
Skipping target "GenerateTargetFrameworkMonikerAttribute" because all output files are up-to-date with respect to the input files.
CoreCompile:
  c:\Windows\Microsoft.NET\Framework\v4.0.30319\Csc.exe /noconfig /nowarn:1701,1702 /nostdlib+ /errorreport:prompt /warn:4 /define:DEBUG;TRACE /reference:"c:\Program Fil
  es\Microsoft Visual Studio 10.0\Common7\IDE\PublicAssemblies\Microsoft.VisualStudio.QualityTools.UnitTestFramework.dll" /reference:"C:\Program Files\Reference Assembli
  es\Microsoft\Framework\.NETFramework\v4.0\mscorlib.dll" /reference:"C:\Program Files\Reference Assemblies\Microsoft\Framework\.NETFramework\v4.0\System.Core.dll" /refe
  rence:"C:\Program Files\Reference Assemblies\Microsoft\Framework\.NETFramework\v4.0\System.dll" /debug+ /debug:full /filealign:512 /optimize- /out:obj\Debug\TestProjec
  t1.dll /target:library A.cs Foo.cs IB.cs IBar.cs Imah.cs IP.cs meh.cs O.cs Properties\AssemblyInfo.cs UnitTest1.cs "C:\Users\ack\AppData\Local\Temp\.NETFramework,Versi
  on=v4.0.AssemblyAttributes.cs"
A.cs(8,11): error CS0535: 'TestProject1.A' does not implement interface member 'TestProject1.IB.C()' [C:\Users\ack\src\TestProject1\TestProject1\TestProject1.csproj]
O.cs(8,11): error CS0535: 'TestProject1.O' does not implement interface member 'TestProject1.IP.Q()' [C:\Users\ack\src\TestProject1\TestProject1\TestProject1.csproj]
Done Building Project "C:\Users\ack\src\TestProject1\TestProject1\TestProject1.csproj" (default targets) -- FAILED.


Build FAILED.

"C:\Users\ack\src\TestProject1\TestProject1\TestProject1.csproj" (rebuild target) (1) ->
(CoreCompile target) ->
  A.cs(8,11): error CS0535: 'TestProject1.A' does not implement interface member 'TestProject1.IB.C()' [C:\Users\ack\src\TestProject1\TestProject1\TestProject1.csproj]
  O.cs(8,11): error CS0535: 'TestProject1.O' does not implement interface member 'TestProject1.IP.Q()' [C:\Users\ack\src\TestProject1\TestProject1\TestProject1.csproj]

    0 Warning(s)
    2 Error(s)

Time Elapsed 00:00:00.44
